<?xml version="1.0" encoding="UTF-8"?>
<!-- Generated by org.testng.reporters.JUnitXMLReporter -->
<testsuite hostname="DESKTOP-9OTVNOD" name="Default test" tests="5" failures="0" timestamp="24 Apr 2022 15:22:54 GMT" time="0.29" errors="0">
  <testcase name="A" time="0.049" classname="testScript.TestNGLearning"/>
  <testcase name="B" time="0.021" classname="testScript.TestNGLearning"/>
  <testcase name="C" time="0.019" classname="testScript.TestNGLearning"/>
  <testcase name="D" time="0.009" classname="testScript.TestNGLearning"/>
  <testcase name="E" time="0.084" classname="testScript.TestNGLearning"/>
</testsuite> <!-- Default test -->
