<?xml version="1.0" encoding="UTF-8"?>
<testng-results skipped="0" failed="0" total="1" passed="1">
  <reporter-output>
  </reporter-output>
  <suite name="Suite" duration-ms="13666" started-at="2022-04-18T19:27:16Z" finished-at="2022-04-18T19:27:29Z">
    <groups>
    </groups>
    <test name="Test" duration-ms="13666" started-at="2022-04-18T19:27:16Z" finished-at="2022-04-18T19:27:29Z">
      <class name="testScritptThree.StandardUser">
        <test-method status="PASS" signature="setupBrowser()[pri:0, instance:testScritptThree.StandardUser@5a955565]" name="setupBrowser" is-config="true" duration-ms="8447" started-at="2022-04-18T15:27:16Z" finished-at="2022-04-18T15:27:24Z">
          <reporter-output>
          </reporter-output>
        </test-method> <!-- setupBrowser -->
        <test-method status="PASS" signature="standaredUser()[pri:1, instance:testScritptThree.StandardUser@5a955565]" name="standaredUser" duration-ms="2526" started-at="2022-04-18T15:27:24Z" finished-at="2022-04-18T15:27:27Z">
          <reporter-output>
          </reporter-output>
        </test-method> <!-- standaredUser -->
        <test-method status="PASS" signature="closeBrowser()[pri:0, instance:testScritptThree.StandardUser@5a955565]" name="closeBrowser" is-config="true" duration-ms="2643" started-at="2022-04-18T15:27:27Z" finished-at="2022-04-18T15:27:29Z">
          <reporter-output>
          </reporter-output>
        </test-method> <!-- closeBrowser -->
      </class> <!-- testScritptThree.StandardUser -->
    </test> <!-- Test -->
  </suite> <!-- Suite -->
</testng-results>
